[Info  - 13:27:23.165] Reading sessions from keychain...
[Info  - 13:27:23.225] Getting sessions for user:email...
[Info  - 13:27:23.225] Getting sessions for all scopes...
[Trace  - 13:27:24.844] Token acquired from secret storage.
[Info  - 13:27:24.844] Got stored sessions!
[Trace  - 13:27:24.844] Read the following session from the keychain with the following scopes: read:user
[Info  - 13:27:24.844] Got 1 verified sessions.
[Info  - 13:27:24.844] Got 0 sessions for user:email...
[Info  - 13:27:24.844] Got 1 sessions for all scopes...
[Info  - 13:27:25.436] Getting sessions for read:user,user:email...
[Info  - 13:27:25.436] Got 0 sessions for read:user,user:email...
[Info  - 13:27:30.960] Getting sessions for read:user...
[Info  - 13:27:30.960] Got 1 sessions for read:user...
[Info  - 13:27:33.853] Getting sessions for read:user...
[Info  - 13:27:33.853] Got 1 sessions for read:user...
[Info  - 13:27:36.209] Logging in for the following scopes: read:user
[Info  - 13:28:07.953] Getting sessions for all scopes...
[Info  - 13:28:07.955] Got 1 sessions for all scopes...
[Info  - 13:28:11.733] Getting sessions for user:email...
[Info  - 13:28:11.733] Got 0 sessions for user:email...
[Info  - 13:28:13.387] Logging in for the following scopes: user:email
[Trace  - 13:28:34.320] Handling Uri...
[Info  - 13:28:34.320] State not found in accepted state. Skipping this execution...
[Info  - 13:28:34.320] Exchanging code for token...
[Info  - 13:28:35.472] Token exchange success!
[Info  - 13:28:35.473] Getting user info...
[Info  - 13:28:35.910] Got account info!
[Info  - 13:28:35.910] Storing 2 sessions...
[Info  - 13:28:35.935] Reading sessions from keychain...
[Info  - 13:28:35.935] Stored 2 sessions!
[Info  - 13:28:35.935] Login success!
[Info  - 13:28:35.946] Getting sessions for user:email...
[Info  - 13:28:35.946] Getting sessions for user:email...
[Info  - 13:28:35.948] Getting sessions for read:user,user:email...
[Trace  - 13:28:35.948] Token acquired from secret storage.
[Info  - 13:28:35.949] Got stored sessions!
[Trace  - 13:28:35.949] Read the following session from the keychain with the following scopes: read:user
[Trace  - 13:28:35.949] Read the following session from the keychain with the following scopes: user:email
[Info  - 13:28:35.949] Got 2 verified sessions.
[Info  - 13:28:35.949] Got 1 sessions for user:email...
[Info  - 13:28:35.949] Got 1 sessions for user:email...
[Info  - 13:28:35.949] Got 0 sessions for read:user,user:email...
[Info  - 13:29:15.691] Getting sessions for all scopes...
[Info  - 13:29:15.691] Got 2 sessions for all scopes...
[Info  - 13:29:26.661] Logging in for the following scopes: read:user
[Trace  - 13:29:34.803] Handling Uri...
[Info  - 13:29:34.803] Exchanging code for token...
[Info  - 13:29:35.996] Token exchange success!
[Info  - 13:29:35.996] Getting user info...
[Info  - 13:29:36.503] Got account info!
[Info  - 13:29:36.503] Storing 2 sessions...
[Info  - 13:29:36.521] Reading sessions from keychain...
[Info  - 13:29:36.521] Stored 2 sessions!
[Info  - 13:29:36.521] Login success!
[Trace  - 13:29:36.554] Token acquired from secret storage.
[Info  - 13:29:36.554] Got stored sessions!
[Trace  - 13:29:36.554] Read the following session from the keychain with the following scopes: read:user
[Trace  - 13:29:36.554] Read the following session from the keychain with the following scopes: user:email
[Info  - 13:29:36.554] Got 2 verified sessions.
[Info  - 13:29:36.555] Getting sessions for user:email...
[Info  - 13:29:36.555] Got 1 sessions for user:email...
[Info  - 13:29:36.559] Getting sessions for read:user,user:email...
[Info  - 13:29:36.559] Got 0 sessions for read:user,user:email...
